<?xml version="1.0" encoding="UTF-8" ?>
<testsuite tests="4" failures="0" name="bnr_calc.BasicTest" time="0.261" errors="0" skipped="0">
  <properties>
[...]
</properties>
  <testcase classname="bnr_calc.BasicTest" name="shouldSubtractTwoNumbers" time="0.259"/>
  <testcase classname="bnr_calc.BasicTest" name="shouldDivideTwoNumbers" time="0"/>
  <testcase classname="bnr_calc.BasicTest" name="shouldMultiplyTwoNumbers" time="0.001"/>
  <testcase classname="bnr_calc.BasicTest" name="shouldAddTwoNumbers" time="0.001"/>
</testsuite>